<?xml version="1.0" encoding="UTF-8"?>
<!-- Generated by org.testng.reporters.JUnitReportReporter -->
<testsuite skipped="0" hostname="LuckyShineys-MacBook-Air.local" name="test.lakshmi.testcase1" tests="1" failures="0" timestamp="2020-05-04T23:37:41 IST" time="1.722" errors="0">
  <testcase name="testCase1" time="1.722" classname="test.lakshmi.testcase1"/>
</testsuite> <!-- test.lakshmi.testcase1 -->
